<?xml version="1.0" encoding="UTF-8"?>
<!-- Generated by org.testng.reporters.JUnitReportReporter -->
<testsuite hostname="DESKTOP-6NQ8E1M" failures="0" tests="1" name="tests.TS003_ContactAdditionTest" time="26.185" errors="0" timestamp="2024-12-14T21:27:39 IST" skipped="0">
  <testcase classname="tests.TS003_ContactAdditionTest" name="addContact" time="26.185"/>
</testsuite> <!-- tests.TS003_ContactAdditionTest -->
