<?xml version="1.0" encoding="UTF-8"?>
<!-- Generated by org.testng.reporters.JUnitReportReporter -->
<testsuite hostname="DESKTOP-6NQ8E1M" failures="0" tests="1" name="tests.TS005_ContactEditingTest" time="11.484" errors="0" timestamp="2024-12-14T21:27:39 IST" skipped="0">
  <testcase classname="tests.TS005_ContactEditingTest" name="editContact" time="11.484"/>
</testsuite> <!-- tests.TS005_ContactEditingTest -->
